
> artemis-tracker@1.0.0 build
> tsc -b && vite build

vite v6.4.1 building for production...
transforming...
✓ 1027 modules transformed.
rendering chunks...
computing gzip size...
dist/index.html                   0.72 kB │ gzip:   0.40 kB
dist/assets/index-B-LV5CKJ.css   20.87 kB │ gzip:   4.61 kB
dist/assets/index-C_126kTn.js   154.16 kB │ gzip:  51.31 kB
dist/assets/r3f-PpUmQ16n.js     401.01 kB │ gzip: 125.45 kB
dist/assets/three-DJrDaJXC.js   687.65 kB │ gzip: 176.46 kB

(!) Some chunks are larger than 500 kB after minification. Consider:
- Using dynamic import() to code-split the application
- Use build.rollupOptions.output.manualChunks to improve chunking: https://rollupjs.org/configuration-options/#output-manualchunks
- Adjust chunk size limit for this warning via build.chunkSizeWarningLimit.
✓ built in 2.19s

> artemis-tracker@1.0.0 test
> vitest --run


 RUN  v3.2.4 /Users/johanjgenis/Projects/ARTEMIS

 ✓ tests/interpolator.test.ts (6 tests) 2ms
 ✓ tests/oem-parser.test.ts (9 tests) 3ms

 Test Files  2 passed (2)
      Tests  15 passed (15)
   Start at  22:43:18
   Duration  193ms (transform 30ms, setup 0ms, collect 33ms, tests 6ms, environment 0ms, prepare 67ms)
